Detecting compiler hash for triplet x64-windows...
Compiler found: C:/Program Files (x86)/Microsoft Visual Studio/2019/BuildTools/VC/Tools/MSVC/14.29.30133/bin/Hostx64/x64/cl.exe
The following packages are already installed:
  * boost-algorithm:x64-windows@1.88.0
  * boost-align:x64-windows@1.88.0
  * boost-array:x64-windows@1.88.0
    boost-asio:x64-windows@1.88.0
  * boost-assert:x64-windows@1.88.0
  * boost-bind:x64-windows@1.88.0
  * boost-cmake:x64-windows@1.88.0
  * boost-concept-check:x64-windows@1.88.0
  * boost-config:x64-windows@1.88.0
  * boost-container:x64-windows@1.88.0
  * boost-container-hash:x64-windows@1.88.0
  * boost-context:x64-windows@1.88.0
  * boost-conversion:x64-windows@1.88.0
  * boost-core:x64-windows@1.88.0
  * boost-date-time:x64-windows@1.88.0
  * boost-describe:x64-windows@1.88.0
  * boost-detail:x64-windows@1.88.0
  * boost-exception:x64-windows@1.88.0
  * boost-function:x64-windows@1.88.0
  * boost-function-types:x64-windows@1.88.0
  * boost-functional:x64-windows@1.88.0
  * boost-fusion:x64-windows@1.88.0
  * boost-headers:x64-windows@1.88.0
  * boost-integer:x64-windows@1.88.0
  * boost-intrusive:x64-windows@1.88.0
  * boost-io:x64-windows@1.88.0
  * boost-iterator:x64-windows@1.88.0
  * boost-lexical-cast:x64-windows@1.88.0
  * boost-move:x64-windows@1.88.0
  * boost-mp11:x64-windows@1.88.0
  * boost-mpl:x64-windows@1.88.0
  * boost-numeric-conversion:x64-windows@1.88.0
  * boost-optional:x64-windows@1.88.0
  * boost-pool:x64-windows@1.88.0
  * boost-predef:x64-windows@1.88.0
  * boost-preprocessor:x64-windows@1.88.0
  * boost-range:x64-windows@1.88.0
  * boost-regex:x64-windows@1.88.0
  * boost-smart-ptr:x64-windows@1.88.0
  * boost-static-assert:x64-windows@1.88.0
  * boost-system:x64-windows@1.88.0
  * boost-throw-exception:x64-windows@1.88.0
  * boost-tokenizer:x64-windows@1.88.0
  * boost-tuple:x64-windows@1.88.0
  * boost-type-traits:x64-windows@1.88.0
  * boost-typeof:x64-windows@1.88.0
  * boost-uninstall:x64-windows@1.88.0
  * boost-unordered:x64-windows@1.88.0
  * boost-utility:x64-windows@1.88.0
  * boost-variant2:x64-windows@1.88.0
  * boost-winapi:x64-windows@1.88.0
    jwt-cpp:x64-windows@0.7.0#1
  * openssl:x64-windows@3.5.0#1
  * picojson:x64-windows@1.3.0#3
  * vcpkg-boost:x64-windows@2025-03-29
  * vcpkg-cmake:x64-windows@2024-04-23
  * vcpkg-cmake-config:x64-windows@2024-05-23
  * vcpkg-cmake-get-vars:x64-windows@2024-09-22
The package boost-asio is compatible with built-in CMake targets of FindBoost.cmake:

    find_package(Boost REQUIRED COMPONENTS asio)
    target_link_libraries(main PRIVATE Boost::asio)

or the generated cmake configs via:

    find_package( REQUIRED CONFIG)
    target_link_libraries(main PRIVATE Boost::asio)

jwt-cpp provides CMake targets:

  # this is heuristically generated, and may not be correct
  find_package(jwt-cpp CONFIG REQUIRED)
  target_link_libraries(main PRIVATE jwt-cpp::jwt-cpp)

All requested installations completed successfully in: 1.36 ms
